<?xml version="1.0" encoding="UTF-8"?>
<testng-results ignored="0" total="1" passed="1" failed="0" skipped="0">
  <reporter-output>
  </reporter-output>
  <suite started-at="2023-08-12T04:16:41 IST" name="Default suite" finished-at="2023-08-12T04:16:49 IST" duration-ms="8012">
    <groups>
    </groups>
    <test started-at="2023-08-12T04:16:41 IST" name="Default test" finished-at="2023-08-12T04:16:49 IST" duration-ms="8012">
      <class name="com.Automation.FrameworkSetup.CustomListener">
        <test-method is-config="true" signature="setup()[pri:0, instance:com.Automation.FrameworkSetup.CustomListener@3c407114]" started-at="2023-08-12T04:16:41 IST" name="setup" finished-at="2023-08-12T04:16:44 IST" duration-ms="3461" status="PASS">
          <reporter-output>
          </reporter-output>
        </test-method> <!-- setup -->
        <test-method signature="test()[pri:0, instance:com.Automation.FrameworkSetup.CustomListener@3c407114]" started-at="2023-08-12T04:16:44 IST" name="test" finished-at="2023-08-12T04:16:48 IST" duration-ms="3867" status="PASS">
          <reporter-output>
          </reporter-output>
        </test-method> <!-- test -->
        <test-method is-config="true" signature="teardown()[pri:0, instance:com.Automation.FrameworkSetup.CustomListener@3c407114]" started-at="2023-08-12T04:16:48 IST" name="teardown" finished-at="2023-08-12T04:16:49 IST" duration-ms="650" status="PASS">
          <reporter-output>
          </reporter-output>
        </test-method> <!-- teardown -->
      </class> <!-- com.Automation.FrameworkSetup.CustomListener -->
    </test> <!-- Default test -->
  </suite> <!-- Default suite -->
</testng-results>
